c:\users\usurelu\documents\visual studio 2015\projects\consoleapplication2\consoleapplication2\debug\consoleapplication2.pch.codeanalysis
c:\users\usurelu\documents\visual studio 2015\projects\consoleapplication2\consoleapplication2\debug\vc140.pdb
c:\users\usurelu\documents\visual studio 2015\projects\consoleapplication2\consoleapplication2\debug\vc140.idb
c:\users\usurelu\documents\visual studio 2015\projects\consoleapplication2\consoleapplication2\debug\consoleapplication2.pch.codeanalysisast
c:\users\usurelu\documents\visual studio 2015\projects\consoleapplication2\consoleapplication2\debug\stdafx.nativecodeanalysis.xml
c:\users\usurelu\documents\visual studio 2015\projects\consoleapplication2\consoleapplication2\debug\stdafx.obj
c:\users\usurelu\documents\visual studio 2015\projects\consoleapplication2\consoleapplication2\debug\consoleapplication2.pch
c:\users\usurelu\documents\visual studio 2015\projects\consoleapplication2\consoleapplication2\debug\consoleapplication2.nativecodeanalysis.xml
c:\users\usurelu\documents\visual studio 2015\projects\consoleapplication2\consoleapplication2\debug\consoleapplication2.obj
c:\users\usurelu\documents\visual studio 2015\projects\consoleapplication2\debug\consoleapplication2.ilk
c:\users\usurelu\documents\visual studio 2015\projects\consoleapplication2\debug\consoleapplication2.exe
c:\users\usurelu\documents\visual studio 2015\projects\consoleapplication2\debug\consoleapplication2.pdb
c:\users\usurelu\documents\visual studio 2015\projects\consoleapplication2\consoleapplication2\debug\nativecodeanalysis.read.1.tlog
c:\users\usurelu\documents\visual studio 2015\projects\consoleapplication2\consoleapplication2\debug\vc.nativecodeanalysis.all.xml
c:\users\usurelu\documents\visual studio 2015\projects\consoleapplication2\debug\consoleapplication2.exe.lastcodeanalysissucceeded
c:\users\usurelu\documents\visual studio 2015\projects\consoleapplication2\consoleapplication2\debug\consolea.1a806b85.tlog\cl.command.1.tlog
c:\users\usurelu\documents\visual studio 2015\projects\consoleapplication2\consoleapplication2\debug\consolea.1a806b85.tlog\cl.read.1.tlog
c:\users\usurelu\documents\visual studio 2015\projects\consoleapplication2\consoleapplication2\debug\consolea.1a806b85.tlog\cl.write.1.tlog
c:\users\usurelu\documents\visual studio 2015\projects\consoleapplication2\consoleapplication2\debug\consolea.1a806b85.tlog\link.command.1.tlog
c:\users\usurelu\documents\visual studio 2015\projects\consoleapplication2\consoleapplication2\debug\consolea.1a806b85.tlog\link.read.1.tlog
c:\users\usurelu\documents\visual studio 2015\projects\consoleapplication2\consoleapplication2\debug\consolea.1a806b85.tlog\link.write.1.tlog
